#-----------------------------------------------------------
# Vivado v2019.1 (64-bit)
# SW Build 2552052 on Fri May 24 14:47:09 MDT 2019
# IP Build 2548770 on Fri May 24 18:01:18 MDT 2019
# Start of session at: Wed Sep 20 13:18:56 2023
# Process ID: 37569
# Current directory: /home/myh/Documents/antsdr/antsdr-fw
# Command line: vivado
# Log file: /home/myh/Documents/antsdr/antsdr-fw/vivado.log
# Journal file: /home/myh/Documents/antsdr/antsdr-fw/vivado.jou
#-----------------------------------------------------------
start_gui
open_project /home/myh/Documents/antsdr/antsdr-fw/hdl/projects/ant/ant.xpr
Scanning sources...
Finished scanning sources
WARNING: [filemgmt 56-3] IP Repository Path: Could not find the directory '/home/myh/Documents/antsdr/antsdr-fw/ghdl/library'.
INFO: [IP_Flow 19-234] Refreshing IP repositories
INFO: [IP_Flow 19-1700] Loaded user IP repository '/home/myh/Documents/antsdr/antsdr-fw/hdl/library'.
WARNING: [IP_Flow 19-2248] Failed to load user IP repository '/home/myh/Documents/antsdr/antsdr-fw/ghdl/library'; Can't find the specified path.
If this directory should no longer be in your list of user repositories, go to the IP Settings dialog and remove it.
INFO: [IP_Flow 19-2313] Loaded Vivado IP repository '/tools/Xilinx/Vivado/2019.1/data/ip'.
open_project: Time (s): cpu = 00:00:32 ; elapsed = 00:00:12 . Memory (MB): peak = 6568.770 ; gain = 196.949 ; free physical = 2467 ; free virtual = 6513
update_compile_order -fileset sources_1
open_run impl_1
INFO: [Device 21-403] Loading part xc7z020clg400-2
INFO: [Netlist 29-17] Analyzing 1760 Unisim elements for replacement
INFO: [Netlist 29-28] Unisim Transformation completed in 0 CPU seconds
INFO: [Project 1-479] Netlist was created with Vivado 2019.1
INFO: [Project 1-570] Preparing netlist for logic optimization
INFO: [Timing 38-478] Restoring timing data from binary archive.
INFO: [Timing 38-479] Binary timing data restore complete.
INFO: [Project 1-856] Restoring constraints from binary archive.
INFO: [Project 1-853] Binary constraint restore complete.
Reading XDEF placement.
Reading placer database...
Reading XDEF routing.
Read XDEF File: Time (s): cpu = 00:00:06 ; elapsed = 00:00:03 . Memory (MB): peak = 7605.219 ; gain = 78.746 ; free physical = 1429 ; free virtual = 5478
Restored from archive | CPU: 6.730000 secs | Memory: 80.788528 MB |
Finished XDEF File Restore: Time (s): cpu = 00:00:06 ; elapsed = 00:00:03 . Memory (MB): peak = 7605.219 ; gain = 78.746 ; free physical = 1429 ; free virtual = 5478
Netlist sorting complete. Time (s): cpu = 00:00:00.03 ; elapsed = 00:00:00.02 . Memory (MB): peak = 7629.000 ; gain = 0.000 ; free physical = 1424 ; free virtual = 5473
INFO: [Project 1-111] Unisim Transformation Summary:
  A total of 91 instances were transformed.
  IOBUF => IOBUF (IBUF, OBUFT): 16 instances
  RAM16X1D => RAM32X1D (RAMD32, RAMD32): 62 instances
  RAM32M => RAM32M (RAMD32, RAMD32, RAMD32, RAMD32, RAMD32, RAMD32, RAMS32, RAMS32): 13 instances

open_run: Time (s): cpu = 00:01:17 ; elapsed = 00:00:37 . Memory (MB): peak = 7734.238 ; gain = 884.332 ; free physical = 1385 ; free virtual = 5439
open_report: Time (s): cpu = 00:00:35 ; elapsed = 00:00:15 . Memory (MB): peak = 7811.016 ; gain = 6.875 ; free physical = 1135 ; free virtual = 5189
WARNING: [IP_Flow 19-4318] IP-XACT file does not exist: /home/myh/Documents/antsdr/antsdr-fw/hdl/projects/ant/ant.srcs/sources_1/bd/mref/util_pulse_gen/component.xml. It will be created.
WARNING: [IP_Flow 19-4318] IP-XACT file does not exist: /home/myh/Documents/antsdr/antsdr-fw/hdl/projects/ant/ant.srcs/sources_1/bd/mref/ad_bus_mux/component.xml. It will be created.
WARNING: [IP_Flow 19-4318] IP-XACT file does not exist: /home/myh/Documents/antsdr/antsdr-fw/hdl/projects/ant/ant.srcs/sources_1/bd/mref/sync_bits/component.xml. It will be created.
update_compile_order -fileset sources_1
update_compile_order -fileset sources_1
WARNING: [IP_Flow 19-4318] IP-XACT file does not exist: /home/myh/Documents/antsdr/antsdr-fw/hdl/projects/ant/ant.srcs/sources_1/bd/mref/util_pulse_gen/component.xml. It will be created.
WARNING: [IP_Flow 19-4318] IP-XACT file does not exist: /home/myh/Documents/antsdr/antsdr-fw/hdl/projects/ant/ant.srcs/sources_1/bd/mref/ad_bus_mux/component.xml. It will be created.
WARNING: [IP_Flow 19-4318] IP-XACT file does not exist: /home/myh/Documents/antsdr/antsdr-fw/hdl/projects/ant/ant.srcs/sources_1/bd/mref/sync_bits/component.xml. It will be created.
update_compile_order -fileset sources_1
update_compile_order -fileset sources_1
