#-----------------------------------------------------------
# Vivado v2019.1 (64-bit)
# SW Build 2552052 on Fri May 24 14:47:09 MDT 2019
# IP Build 2548770 on Fri May 24 18:01:18 MDT 2019
# Start of session at: Wed Sep 20 10:54:33 2023
# Process ID: 126017
# Current directory: /home/myh/Documents/antsdr/antsdr-fw
# Command line: vivado
# Log file: /home/myh/Documents/antsdr/antsdr-fw/vivado.log
# Journal file: /home/myh/Documents/antsdr/antsdr-fw/vivado.jou
#-----------------------------------------------------------
start_gui
open_project /home/myh/Documents/antsdr/antsdr-fw/hdl/projects/ant/ant.xpr
Scanning sources...
Finished scanning sources
WARNING: [filemgmt 56-3] IP Repository Path: Could not find the directory '/home/myh/Documents/antsdr/antsdr-fw/ghdl/library'.
INFO: [IP_Flow 19-234] Refreshing IP repositories
INFO: [IP_Flow 19-1700] Loaded user IP repository '/home/myh/Documents/antsdr/antsdr-fw/hdl/library'.
WARNING: [IP_Flow 19-2248] Failed to load user IP repository '/home/myh/Documents/antsdr/antsdr-fw/ghdl/library'; Can't find the specified path.
If this directory should no longer be in your list of user repositories, go to the IP Settings dialog and remove it.
INFO: [IP_Flow 19-2313] Loaded Vivado IP repository '/tools/Xilinx/Vivado/2019.1/data/ip'.
update_compile_order -fileset sources_1
open_bd_design {/home/myh/Documents/antsdr/antsdr-fw/hdl/projects/ant/ant.srcs/sources_1/bd/system/system.bd}
Successfully read diagram <system> from BD file </home/myh/Documents/antsdr/antsdr-fw/hdl/projects/ant/ant.srcs/sources_1/bd/system/system.bd>
update_compile_order -fileset sources_1
open_bd_design {/home/myh/Documents/antsdr/antsdr-fw/hdl/projects/ant/ant.srcs/sources_1/bd/system/system.bd}
exit
INFO: [Common 17-206] Exiting Vivado at Wed Sep 20 10:55:28 2023...
